2018-11-20 06:15:03,710 [Worker-3] INFO  o.e.m.c.i.p.ProjectConfigurationManager - Collecting project info '/pom.xml' C:\Users\srinivas1\Desktop\SudhaSelenium\MyMavenProject\pom.xml
2018-11-20 06:15:18,047 [Worker-3] INFO  o.e.m.c.i.l.LifecycleMappingFactory - Using org.eclipse.m2e.jdt.JarLifecycleMapping lifecycle mapping for MavenProject: com.Testing:MyMavenProject:0.0.1-SNAPSHOT @ C:\Users\srinivas1\Desktop\SudhaSelenium\MyMavenProject\pom.xml.
2018-11-20 06:15:23,277 [Worker-3] INFO  o.e.m.j.i.AbstractJavaProjectConfigurator - Adding source folder /MyMavenProject/src/main/java
2018-11-20 06:15:23,329 [Worker-3] INFO  o.e.m.j.i.AbstractJavaProjectConfigurator - Adding source folder /MyMavenProject/src/test/java
2018-11-20 06:15:24,437 [Worker-3] INFO  o.e.m.c.i.p.ProjectConfigurationManager - Imported and configured 1 project(s) in 20 sec
2018-11-20 06:15:27,455 [Worker-15] INFO  o.e.m.c.i.embedder.EclipseLogger - Using 'UTF-8' encoding to copy filtered resources.
2018-11-20 06:15:27,456 [Worker-15] INFO  o.e.m.c.i.embedder.EclipseLogger - skip non existing resourceDirectory C:\Users\srinivas1\Desktop\SudhaSelenium\MyMavenProject\src\main\resources
2018-11-20 06:15:27,464 [Worker-15] INFO  o.e.m.c.i.embedder.EclipseLogger - Using 'UTF-8' encoding to copy filtered resources.
2018-11-20 06:15:27,465 [Worker-15] INFO  o.e.m.c.i.embedder.EclipseLogger - skip non existing resourceDirectory C:\Users\srinivas1\Desktop\SudhaSelenium\MyMavenProject\src\test\resources
2018-11-20 06:16:04,300 [Worker-18] INFO  o.e.m.c.i.embedder.EclipseLogger - Using 'UTF-8' encoding to copy filtered resources.
2018-11-20 06:16:04,300 [Worker-18] INFO  o.e.m.c.i.embedder.EclipseLogger - skip non existing resourceDirectory C:\Users\srinivas1\Desktop\SudhaSelenium\MyMavenProject\src\main\resources
2018-11-20 06:16:04,303 [Worker-18] INFO  o.e.m.c.i.embedder.EclipseLogger - Using 'UTF-8' encoding to copy filtered resources.
2018-11-20 06:16:04,303 [Worker-18] INFO  o.e.m.c.i.embedder.EclipseLogger - skip non existing resourceDirectory C:\Users\srinivas1\Desktop\SudhaSelenium\MyMavenProject\src\test\resources
2018-11-20 06:16:11,140 [Worker-17] INFO  o.e.m.c.i.embedder.EclipseLogger - Using 'UTF-8' encoding to copy filtered resources.
2018-11-20 06:16:11,141 [Worker-17] INFO  o.e.m.c.i.embedder.EclipseLogger - skip non existing resourceDirectory C:\Users\srinivas1\Desktop\SudhaSelenium\MyMavenProject\src\main\resources
2018-11-20 06:16:11,147 [Worker-17] INFO  o.e.m.c.i.embedder.EclipseLogger - Using 'UTF-8' encoding to copy filtered resources.
2018-11-20 06:16:11,263 [Worker-17] INFO  o.e.m.c.i.embedder.EclipseLogger - skip non existing resourceDirectory C:\Users\srinivas1\Desktop\SudhaSelenium\MyMavenProject\src\test\resources
2018-11-20 06:20:43,553 [Worker-17] INFO  o.e.m.c.i.l.LifecycleMappingFactory - Using org.eclipse.m2e.jdt.JarLifecycleMapping lifecycle mapping for MavenProject: com.Testing:MyMavenProject:0.0.1-SNAPSHOT @ C:\Users\srinivas1\Desktop\SudhaSelenium\MyMavenProject\pom.xml.
2018-11-20 06:20:57,483 [Worker-17] INFO  o.e.m.c.i.embedder.EclipseLogger - Using 'UTF-8' encoding to copy filtered resources.
2018-11-20 06:20:57,488 [Worker-17] INFO  o.e.m.c.i.embedder.EclipseLogger - skip non existing resourceDirectory C:\Users\srinivas1\Desktop\SudhaSelenium\MyMavenProject\src\main\resources
2018-11-20 06:20:57,513 [Worker-17] INFO  o.e.m.c.i.embedder.EclipseLogger - Using 'UTF-8' encoding to copy filtered resources.
2018-11-20 06:20:57,529 [Worker-17] INFO  o.e.m.c.i.embedder.EclipseLogger - skip non existing resourceDirectory C:\Users\srinivas1\Desktop\SudhaSelenium\MyMavenProject\src\test\resources
2018-11-20 06:21:01,760 [Worker-19] INFO  o.e.m.c.i.embedder.EclipseLogger - Using 'UTF-8' encoding to copy filtered resources.
2018-11-20 06:21:01,760 [Worker-19] INFO  o.e.m.c.i.embedder.EclipseLogger - skip non existing resourceDirectory C:\Users\srinivas1\Desktop\SudhaSelenium\MyMavenProject\src\main\resources
2018-11-20 06:21:01,808 [Worker-19] INFO  o.e.m.c.i.embedder.EclipseLogger - Using 'UTF-8' encoding to copy filtered resources.
2018-11-20 06:21:01,823 [Worker-19] INFO  o.e.m.c.i.embedder.EclipseLogger - skip non existing resourceDirectory C:\Users\srinivas1\Desktop\SudhaSelenium\MyMavenProject\src\test\resources
2018-11-20 06:21:43,508 [Worker-20] INFO  o.e.m.c.i.l.LifecycleMappingFactory - Using org.eclipse.m2e.jdt.JarLifecycleMapping lifecycle mapping for MavenProject: com.Testing:MyMavenProject:0.0.1-SNAPSHOT @ C:\Users\srinivas1\Desktop\SudhaSelenium\MyMavenProject\pom.xml.
2018-11-20 06:21:44,895 [Worker-20] INFO  o.e.m.c.i.embedder.EclipseLogger - Using 'UTF-8' encoding to copy filtered resources.
2018-11-20 06:21:44,911 [Worker-20] INFO  o.e.m.c.i.embedder.EclipseLogger - skip non existing resourceDirectory C:\Users\srinivas1\Desktop\SudhaSelenium\MyMavenProject\src\main\resources
2018-11-20 06:21:44,927 [Worker-20] INFO  o.e.m.c.i.embedder.EclipseLogger - Using 'UTF-8' encoding to copy filtered resources.
2018-11-20 06:21:44,943 [Worker-20] INFO  o.e.m.c.i.embedder.EclipseLogger - skip non existing resourceDirectory C:\Users\srinivas1\Desktop\SudhaSelenium\MyMavenProject\src\test\resources
2018-11-20 06:21:47,038 [Worker-19] INFO  o.e.m.c.i.embedder.EclipseLogger - Using 'UTF-8' encoding to copy filtered resources.
2018-11-20 06:21:47,070 [Worker-19] INFO  o.e.m.c.i.embedder.EclipseLogger - skip non existing resourceDirectory C:\Users\srinivas1\Desktop\SudhaSelenium\MyMavenProject\src\main\resources
2018-11-20 06:21:47,099 [Worker-19] INFO  o.e.m.c.i.embedder.EclipseLogger - Using 'UTF-8' encoding to copy filtered resources.
2018-11-20 06:21:47,134 [Worker-19] INFO  o.e.m.c.i.embedder.EclipseLogger - skip non existing resourceDirectory C:\Users\srinivas1\Desktop\SudhaSelenium\MyMavenProject\src\test\resources
2018-11-20 06:22:30,598 [Worker-19] INFO  o.e.m.c.i.p.ProjectConfigurationManager - Update started
2018-11-20 06:22:31,914 [Worker-19] INFO  o.e.m.c.i.l.LifecycleMappingFactory - Using org.eclipse.m2e.jdt.JarLifecycleMapping lifecycle mapping for MavenProject: com.Testing:MyMavenProject:0.0.1-SNAPSHOT @ C:\Users\srinivas1\Desktop\SudhaSelenium\MyMavenProject\pom.xml.
2018-11-20 06:22:34,381 [Worker-19] INFO  o.e.m.j.i.AbstractJavaProjectConfigurator - Adding source folder /MyMavenProject/src/main/java
2018-11-20 06:22:34,413 [Worker-19] INFO  o.e.m.j.i.AbstractJavaProjectConfigurator - Adding source folder /MyMavenProject/src/test/java
2018-11-20 06:22:35,430 [Worker-19] INFO  o.e.m.c.i.p.ProjectConfigurationManager - Update completed: 4 sec
2018-11-20 06:22:36,193 [Worker-22] INFO  o.e.m.c.i.embedder.EclipseLogger - Using 'UTF-8' encoding to copy filtered resources.
2018-11-20 06:22:36,270 [Worker-22] INFO  o.e.m.c.i.embedder.EclipseLogger - skip non existing resourceDirectory C:\Users\srinivas1\Desktop\SudhaSelenium\MyMavenProject\src\main\resources
2018-11-20 06:22:36,360 [Worker-22] INFO  o.e.m.c.i.embedder.EclipseLogger - Using 'UTF-8' encoding to copy filtered resources.
2018-11-20 06:22:36,361 [Worker-22] INFO  o.e.m.c.i.embedder.EclipseLogger - skip non existing resourceDirectory C:\Users\srinivas1\Desktop\SudhaSelenium\MyMavenProject\src\test\resources
2018-11-20 06:23:00,316 [Worker-3] INFO  o.e.m.c.i.embedder.EclipseLogger - Using 'UTF-8' encoding to copy filtered resources.
2018-11-20 06:23:00,316 [Worker-3] INFO  o.e.m.c.i.embedder.EclipseLogger - skip non existing resourceDirectory C:\Users\srinivas1\Desktop\SudhaSelenium\MyMavenProject\src\main\resources
2018-11-20 06:23:00,319 [Worker-3] INFO  o.e.m.c.i.embedder.EclipseLogger - Using 'UTF-8' encoding to copy filtered resources.
2018-11-20 06:23:00,319 [Worker-3] INFO  o.e.m.c.i.embedder.EclipseLogger - skip non existing resourceDirectory C:\Users\srinivas1\Desktop\SudhaSelenium\MyMavenProject\src\test\resources
2018-11-20 06:23:21,046 [Worker-19] INFO  o.e.m.c.i.embedder.EclipseLogger - Using 'UTF-8' encoding to copy filtered resources.
2018-11-20 06:23:21,062 [Worker-19] INFO  o.e.m.c.i.embedder.EclipseLogger - skip non existing resourceDirectory C:\Users\srinivas1\Desktop\SudhaSelenium\MyMavenProject\src\main\resources
2018-11-20 06:23:21,078 [Worker-19] INFO  o.e.m.c.i.embedder.EclipseLogger - Using 'UTF-8' encoding to copy filtered resources.
2018-11-20 06:23:21,078 [Worker-19] INFO  o.e.m.c.i.embedder.EclipseLogger - skip non existing resourceDirectory C:\Users\srinivas1\Desktop\SudhaSelenium\MyMavenProject\src\test\resources
2018-11-20 06:23:29,362 [Worker-15] INFO  o.e.m.c.i.embedder.EclipseLogger - Using 'UTF-8' encoding to copy filtered resources.
2018-11-20 06:23:29,363 [Worker-15] INFO  o.e.m.c.i.embedder.EclipseLogger - skip non existing resourceDirectory C:\Users\srinivas1\Desktop\SudhaSelenium\MyMavenProject\src\main\resources
2018-11-20 06:23:29,364 [Worker-15] INFO  o.e.m.c.i.embedder.EclipseLogger - Using 'UTF-8' encoding to copy filtered resources.
2018-11-20 06:23:29,364 [Worker-15] INFO  o.e.m.c.i.embedder.EclipseLogger - skip non existing resourceDirectory C:\Users\srinivas1\Desktop\SudhaSelenium\MyMavenProject\src\test\resources
2018-11-20 06:26:12,176 [Worker-20] INFO  o.e.m.c.i.embedder.EclipseLogger - Using 'UTF-8' encoding to copy filtered resources.
2018-11-20 06:26:12,210 [Worker-20] INFO  o.e.m.c.i.embedder.EclipseLogger - skip non existing resourceDirectory C:\Users\srinivas1\Desktop\SudhaSelenium\MyMavenProject\src\main\resources
2018-11-20 06:26:12,231 [Worker-20] INFO  o.e.m.c.i.embedder.EclipseLogger - Using 'UTF-8' encoding to copy filtered resources.
2018-11-20 06:26:12,231 [Worker-20] INFO  o.e.m.c.i.embedder.EclipseLogger - skip non existing resourceDirectory C:\Users\srinivas1\Desktop\SudhaSelenium\MyMavenProject\src\test\resources
2018-11-20 06:27:04,417 [Worker-21] INFO  o.e.m.c.i.embedder.EclipseLogger - Using 'UTF-8' encoding to copy filtered resources.
2018-11-20 06:27:04,417 [Worker-21] INFO  o.e.m.c.i.embedder.EclipseLogger - skip non existing resourceDirectory C:\Users\srinivas1\Desktop\SudhaSelenium\MyMavenProject\src\main\resources
2018-11-20 06:27:04,420 [Worker-21] INFO  o.e.m.c.i.embedder.EclipseLogger - Using 'UTF-8' encoding to copy filtered resources.
2018-11-20 06:27:04,420 [Worker-21] INFO  o.e.m.c.i.embedder.EclipseLogger - skip non existing resourceDirectory C:\Users\srinivas1\Desktop\SudhaSelenium\MyMavenProject\src\test\resources
2018-11-20 06:29:43,036 [Worker-19] INFO  o.e.m.c.i.embedder.EclipseLogger - Using 'UTF-8' encoding to copy filtered resources.
2018-11-20 06:29:43,085 [Worker-19] INFO  o.e.m.c.i.embedder.EclipseLogger - skip non existing resourceDirectory C:\Users\srinivas1\Desktop\SudhaSelenium\MyMavenProject\src\main\resources
2018-11-20 06:29:43,112 [Worker-19] INFO  o.e.m.c.i.embedder.EclipseLogger - Using 'UTF-8' encoding to copy filtered resources.
2018-11-20 06:29:43,113 [Worker-19] INFO  o.e.m.c.i.embedder.EclipseLogger - skip non existing resourceDirectory C:\Users\srinivas1\Desktop\SudhaSelenium\MyMavenProject\src\test\resources
2018-11-20 06:31:10,470 [Worker-15] INFO  o.e.m.c.i.embedder.EclipseLogger - Using 'UTF-8' encoding to copy filtered resources.
2018-11-20 06:31:10,470 [Worker-15] INFO  o.e.m.c.i.embedder.EclipseLogger - skip non existing resourceDirectory C:\Users\srinivas1\Desktop\SudhaSelenium\MyMavenProject\src\main\resources
2018-11-20 06:31:10,473 [Worker-15] INFO  o.e.m.c.i.embedder.EclipseLogger - Using 'UTF-8' encoding to copy filtered resources.
2018-11-20 06:31:10,473 [Worker-15] INFO  o.e.m.c.i.embedder.EclipseLogger - skip non existing resourceDirectory C:\Users\srinivas1\Desktop\SudhaSelenium\MyMavenProject\src\test\resources
2018-11-20 06:32:08,706 [Worker-3] INFO  o.e.m.c.i.embedder.EclipseLogger - Using 'UTF-8' encoding to copy filtered resources.
2018-11-20 06:32:08,737 [Worker-3] INFO  o.e.m.c.i.embedder.EclipseLogger - skip non existing resourceDirectory C:\Users\srinivas1\Desktop\SudhaSelenium\MyMavenProject\src\main\resources
2018-11-20 06:32:08,775 [Worker-3] INFO  o.e.m.c.i.embedder.EclipseLogger - Using 'UTF-8' encoding to copy filtered resources.
2018-11-20 06:32:08,775 [Worker-3] INFO  o.e.m.c.i.embedder.EclipseLogger - skip non existing resourceDirectory C:\Users\srinivas1\Desktop\SudhaSelenium\MyMavenProject\src\test\resources
2018-11-20 06:32:59,361 [Worker-15] INFO  o.e.m.c.i.embedder.EclipseLogger - Using 'UTF-8' encoding to copy filtered resources.
2018-11-20 06:32:59,362 [Worker-15] INFO  o.e.m.c.i.embedder.EclipseLogger - skip non existing resourceDirectory C:\Users\srinivas1\Desktop\SudhaSelenium\MyMavenProject\src\main\resources
2018-11-20 06:32:59,363 [Worker-15] INFO  o.e.m.c.i.embedder.EclipseLogger - Using 'UTF-8' encoding to copy filtered resources.
2018-11-20 06:32:59,363 [Worker-15] INFO  o.e.m.c.i.embedder.EclipseLogger - skip non existing resourceDirectory C:\Users\srinivas1\Desktop\SudhaSelenium\MyMavenProject\src\test\resources
2018-11-20 06:34:07,170 [Worker-19] INFO  o.e.m.c.i.embedder.EclipseLogger - Using 'UTF-8' encoding to copy filtered resources.
2018-11-20 06:34:07,203 [Worker-19] INFO  o.e.m.c.i.embedder.EclipseLogger - skip non existing resourceDirectory C:\Users\srinivas1\Desktop\SudhaSelenium\MyMavenProject\src\main\resources
2018-11-20 06:34:07,219 [Worker-19] INFO  o.e.m.c.i.embedder.EclipseLogger - Using 'UTF-8' encoding to copy filtered resources.
2018-11-20 06:34:07,220 [Worker-19] INFO  o.e.m.c.i.embedder.EclipseLogger - skip non existing resourceDirectory C:\Users\srinivas1\Desktop\SudhaSelenium\MyMavenProject\src\test\resources
2018-11-20 06:34:52,966 [Worker-15] INFO  o.e.m.c.i.embedder.EclipseLogger - Using 'UTF-8' encoding to copy filtered resources.
2018-11-20 06:34:52,967 [Worker-15] INFO  o.e.m.c.i.embedder.EclipseLogger - skip non existing resourceDirectory C:\Users\srinivas1\Desktop\SudhaSelenium\MyMavenProject\src\main\resources
2018-11-20 06:34:52,968 [Worker-15] INFO  o.e.m.c.i.embedder.EclipseLogger - Using 'UTF-8' encoding to copy filtered resources.
2018-11-20 06:34:52,969 [Worker-15] INFO  o.e.m.c.i.embedder.EclipseLogger - skip non existing resourceDirectory C:\Users\srinivas1\Desktop\SudhaSelenium\MyMavenProject\src\test\resources
2018-11-20 06:36:42,329 [Worker-20] INFO  o.e.m.c.i.p.ProjectConfigurationManager - Update started
2018-11-20 06:36:43,460 [Worker-20] INFO  o.e.m.c.i.l.LifecycleMappingFactory - Using org.eclipse.m2e.jdt.JarLifecycleMapping lifecycle mapping for MavenProject: com.Testing:MyMavenProject:0.0.1-SNAPSHOT @ C:\Users\srinivas1\Desktop\SudhaSelenium\MyMavenProject\pom.xml.
2018-11-20 06:36:45,588 [Worker-20] INFO  o.e.m.j.i.AbstractJavaProjectConfigurator - Adding source folder /MyMavenProject/src/main/java
2018-11-20 06:36:45,682 [Worker-20] INFO  o.e.m.j.i.AbstractJavaProjectConfigurator - Adding source folder /MyMavenProject/src/test/java
2018-11-20 06:36:46,289 [Worker-20] INFO  o.e.m.c.i.p.ProjectConfigurationManager - Update completed: 3 sec
2018-11-20 06:36:47,188 [Worker-3] INFO  o.e.m.c.i.embedder.EclipseLogger - Using 'UTF-8' encoding to copy filtered resources.
2018-11-20 06:36:47,308 [Worker-3] INFO  o.e.m.c.i.embedder.EclipseLogger - skip non existing resourceDirectory C:\Users\srinivas1\Desktop\SudhaSelenium\MyMavenProject\src\main\resources
2018-11-20 06:36:47,364 [Worker-3] INFO  o.e.m.c.i.embedder.EclipseLogger - Using 'UTF-8' encoding to copy filtered resources.
2018-11-20 06:36:47,400 [Worker-3] INFO  o.e.m.c.i.embedder.EclipseLogger - skip non existing resourceDirectory C:\Users\srinivas1\Desktop\SudhaSelenium\MyMavenProject\src\test\resources
2018-11-20 06:36:56,573 [Worker-17] INFO  o.e.m.c.i.p.ProjectConfigurationManager - Update started
2018-11-20 06:36:57,601 [Worker-17] INFO  o.e.m.c.i.l.LifecycleMappingFactory - Using org.eclipse.m2e.jdt.JarLifecycleMapping lifecycle mapping for MavenProject: com.Testing:MyMavenProject:0.0.1-SNAPSHOT @ C:\Users\srinivas1\Desktop\SudhaSelenium\MyMavenProject\pom.xml.
2018-11-20 06:36:58,641 [Worker-17] INFO  o.e.m.j.i.AbstractJavaProjectConfigurator - Adding source folder /MyMavenProject/src/main/java
2018-11-20 06:36:58,667 [Worker-17] INFO  o.e.m.j.i.AbstractJavaProjectConfigurator - Adding source folder /MyMavenProject/src/test/java
2018-11-20 06:36:58,999 [Worker-17] INFO  o.e.m.c.i.p.ProjectConfigurationManager - Update completed: 2 sec
2018-11-20 06:36:59,792 [Worker-20] INFO  o.e.m.c.i.embedder.EclipseLogger - Using 'UTF-8' encoding to copy filtered resources.
2018-11-20 06:36:59,793 [Worker-20] INFO  o.e.m.c.i.embedder.EclipseLogger - skip non existing resourceDirectory C:\Users\srinivas1\Desktop\SudhaSelenium\MyMavenProject\src\main\resources
2018-11-20 06:36:59,825 [Worker-20] INFO  o.e.m.c.i.embedder.EclipseLogger - Using 'UTF-8' encoding to copy filtered resources.
2018-11-20 06:36:59,826 [Worker-20] INFO  o.e.m.c.i.embedder.EclipseLogger - skip non existing resourceDirectory C:\Users\srinivas1\Desktop\SudhaSelenium\MyMavenProject\src\test\resources
2018-11-20 06:37:27,324 [Worker-21] INFO  o.e.m.i.launch.MavenLaunchDelegate - C:\Users\srinivas1\Desktop\SudhaSelenium\MyMavenProject
2018-11-20 06:37:27,326 [Worker-21] INFO  o.e.m.i.launch.MavenLaunchDelegate -  mvn -B test
2018-11-20 06:37:54,207 [Worker-17] INFO  o.e.m.c.i.p.ProjectConfigurationManager - Update started
2018-11-20 06:37:55,261 [Worker-17] INFO  o.e.m.c.i.l.LifecycleMappingFactory - Using org.eclipse.m2e.jdt.JarLifecycleMapping lifecycle mapping for MavenProject: com.Testing:MyMavenProject:0.0.1-SNAPSHOT @ C:\Users\srinivas1\Desktop\SudhaSelenium\MyMavenProject\pom.xml.
2018-11-20 06:37:56,334 [Worker-17] INFO  o.e.m.j.i.AbstractJavaProjectConfigurator - Adding source folder /MyMavenProject/src/main/java
2018-11-20 06:37:56,371 [Worker-17] INFO  o.e.m.j.i.AbstractJavaProjectConfigurator - Adding source folder /MyMavenProject/src/test/java
2018-11-20 06:37:56,845 [Worker-17] INFO  o.e.m.c.i.p.ProjectConfigurationManager - Update completed: 2 sec
2018-11-20 06:37:57,560 [Worker-20] INFO  o.e.m.c.i.embedder.EclipseLogger - Using 'UTF-8' encoding to copy filtered resources.
2018-11-20 06:37:57,603 [Worker-20] INFO  o.e.m.c.i.embedder.EclipseLogger - skip non existing resourceDirectory C:\Users\srinivas1\Desktop\SudhaSelenium\MyMavenProject\src\main\resources
2018-11-20 06:37:57,637 [Worker-20] INFO  o.e.m.c.i.embedder.EclipseLogger - Using 'UTF-8' encoding to copy filtered resources.
2018-11-20 06:37:57,653 [Worker-20] INFO  o.e.m.c.i.embedder.EclipseLogger - skip non existing resourceDirectory C:\Users\srinivas1\Desktop\SudhaSelenium\MyMavenProject\src\test\resources
2018-11-20 06:39:38,389 [Worker-17] INFO  o.e.m.i.launch.MavenLaunchDelegate - C:\Users\srinivas1\Desktop\SudhaSelenium\MyMavenProject
2018-11-20 06:39:38,390 [Worker-17] INFO  o.e.m.i.launch.MavenLaunchDelegate -  mvn -B test
2018-11-20 06:41:02,307 [Worker-15] INFO  o.e.m.c.i.embedder.EclipseLogger - Using 'UTF-8' encoding to copy filtered resources.
2018-11-20 06:41:02,321 [Worker-15] INFO  o.e.m.c.i.embedder.EclipseLogger - skip non existing resourceDirectory C:\Users\srinivas1\Desktop\SudhaSelenium\MyMavenProject\src\main\resources
2018-11-20 06:41:02,338 [Worker-15] INFO  o.e.m.c.i.embedder.EclipseLogger - Using 'UTF-8' encoding to copy filtered resources.
2018-11-20 06:41:02,365 [Worker-15] INFO  o.e.m.c.i.embedder.EclipseLogger - skip non existing resourceDirectory C:\Users\srinivas1\Desktop\SudhaSelenium\MyMavenProject\src\test\resources
2018-11-20 06:41:16,282 [Worker-21] INFO  o.e.m.i.launch.MavenLaunchDelegate - C:\Users\srinivas1\Desktop\SudhaSelenium\MyMavenProject
2018-11-20 06:41:16,311 [Worker-21] INFO  o.e.m.i.launch.MavenLaunchDelegate -  mvn -B test
